<?xml version="1.0" encoding="UTF-8"?>
<!-- Generated by org.testng.reporters.JUnitReportReporter -->
<testsuite hostname="LAPTOP-MVN1TR0E" failures="0" tests="2" name="Testcases.TestCasesClass" time="6.950" errors="0" timestamp="2023-07-19T15:45:54 IST" skipped="0">
  <testcase classname="Testcases.TestCasesClass" name="validate_broken_img" time="4.469"/>
  <system-out/>
  <testcase classname="Testcases.TestCasesClass" name="upload_file" time="2.481"/>
  <system-out/>
</testsuite> <!-- Testcases.TestCasesClass -->
